###############################################################
#  Generated by:      Cadence Encounter 11.10-p003_1
#  OS:                Linux x86_64(Host ID IT059116)
#  Generated on:      Fri Feb 27 22:26:28 2015
#  Design:            pads
#  Command:           verifyConnectivity -type all -error 1000 -warning 50
###############################################################
Verify Connectivity Report is created on Fri Feb 27 22:26:28 2015



Net vdd1v8l!: no routing
Net vdd1v8r!: no routing
Net vdd1v8o!: no routing
Net por1v8r!: no routing
Net trig1v8!: no routing
Net vdd5vl!: no routing
Net vdd5vr!: no routing
Net vdd5vo!: no routing
Net trig5v!: no routing
Net por5vr!: no routing
Net gnd1v8l!: no routing
Net gnd1v8r!: no routing
Net gnd1v8o!: no routing
Net subc1v8!: no routing
Net gnd5vl!: no routing
Net gnd5vr!: no routing
Net gnd5vo!: no routing
Net subc5v!: no routing

Begin Summary
    18 Problem(s) (ENCVFC-98): Net has no global routing and no special routing.
    18 total info(s) created.
End Summary
